11-03-2024 19:18:41	This log contains information about the import schema operation into project 'Key-Value' on computer 'DESKTOP-50HH8TS' by user 'Admin'.
11-03-2024 19:18:41	Import of database schema has started.
11-03-2024 19:18:45	Gathering database credentials
11-03-2024 19:18:45	Gathering database options
11-03-2024 19:18:45	Gathering generic database scoped configuration option
11-03-2024 19:18:45	Gathering users
11-03-2024 19:18:45	Gathering roles
11-03-2024 19:18:45	Gathering application roles
11-03-2024 19:18:45	Gathering role memberships
11-03-2024 19:18:45	Gathering filegroups
11-03-2024 19:18:45	Gathering full-text catalogs
11-03-2024 19:18:45	Gathering assemblies
11-03-2024 19:18:45	Gathering certificates
11-03-2024 19:18:45	Gathering asymmetric keys
11-03-2024 19:18:45	Gathering symmetric keys
11-03-2024 19:18:45	Gathering encrypted symmetric keys
11-03-2024 19:18:45	Gathering schemas
11-03-2024 19:18:45	Gathering XML schema collections
11-03-2024 19:18:45	Gathering user-defined data types
11-03-2024 19:18:45	Gathering user-defined types
11-03-2024 19:18:45	Gathering table types
11-03-2024 19:18:45	Gathering unique keys for table types
11-03-2024 19:18:45	Gathering primary keys for table types
11-03-2024 19:18:45	Gathering indexes for table types
11-03-2024 19:18:45	Gathering check constraints for table types
11-03-2024 19:18:45	Gathering default constraints for table types
11-03-2024 19:18:45	Gathering partition functions
11-03-2024 19:18:45	Gathering partition schemes
11-03-2024 19:18:45	Gathering functions
11-03-2024 19:18:45	Gathering encrypted functions
11-03-2024 19:18:45	Gathering aggregates
11-03-2024 19:18:45	Gathering procedures
11-03-2024 19:18:45	Gathering encrypted procedures
11-03-2024 19:18:45	Gathering tables
11-03-2024 19:18:45	Gathering primary keys
11-03-2024 19:18:45	Gathering unique constraints
11-03-2024 19:18:45	Gathering foreign keys
11-03-2024 19:18:45	Gathering default constraints
11-03-2024 19:18:45	Gathering check constraints
11-03-2024 19:18:45	Gathering views
11-03-2024 19:18:45	Gathering encrypted views
11-03-2024 19:18:45	Gathering indexes
11-03-2024 19:18:45	Gathering statistics
11-03-2024 19:18:45	Gathering full-text index stoplists
11-03-2024 19:18:45	Gathering search property lists
11-03-2024 19:18:45	Gathering search properties
11-03-2024 19:18:45	Gathering full-text indexes
11-03-2024 19:18:45	Gathering column store indexes
11-03-2024 19:18:45	Gathering spatial indexes
11-03-2024 19:18:45	Gathering XML indexes
11-03-2024 19:18:45	Gathering Selective XML indexes
11-03-2024 19:18:45	Gathering encrypted triggers
11-03-2024 19:18:45	Gathering triggers
11-03-2024 19:18:45	Gathering encrypted and clr ddl triggers
11-03-2024 19:18:45	Gathering ddl triggers
11-03-2024 19:18:45	Creating edge constraints
11-03-2024 19:18:45	Gathering synonyms
11-03-2024 19:18:45	Gathering defaults
11-03-2024 19:18:45	Gathering data constraint uddt bindings
11-03-2024 19:18:45	Gathering rules
11-03-2024 19:18:45	Gathering data constraint uddt bindings
11-03-2024 19:18:45	Gathering message types
11-03-2024 19:18:45	Gathering queues
11-03-2024 19:18:45	Gathering contracts
11-03-2024 19:18:45	Gathering services
11-03-2024 19:18:45	Gathering event notifications
11-03-2024 19:18:45	Gathering remote service bindings
11-03-2024 19:18:45	Gathering broker priorities
11-03-2024 19:18:45	Gathering signatures
11-03-2024 19:18:45	Gathering compression options
11-03-2024 19:18:45	Gathering sequence types
11-03-2024 19:18:45	Gathering security policies
11-03-2024 19:18:45	Gather column encryption keys
11-03-2024 19:18:45	Gathering column master keys
11-03-2024 19:18:45	Gathering external data sources
11-03-2024 19:18:45	Gathering external file formats
11-03-2024 19:18:46	Gathering external tables
11-03-2024 19:18:46	Gathering extended properties
11-03-2024 19:18:46	Gathering assemblies
11-03-2024 19:18:46	Gathering credentials
11-03-2024 19:18:46	Gathering logins
11-03-2024 19:18:46	Gathering server audits
11-03-2024 19:18:46	Finished importing database.
11-03-2024 19:18:46	A summary of the import was saved to the following location: C:\Users\Admin\source\repos\Key-Value\Import Schema Logs\Key-Value_20240311014841.log
11-03-2024 19:18:46	Click Finish to continue...
